[INFO   ] Logger: Record log in /storage/emulated/0/NCJM Sflow/.kivy/logs/kivy_25-12-07_12.txt
[INFO   ] Kivy: v2.3.1
[INFO   ] Kivy: Installed at "/data/user/0/ru.iiec.pydroid3/files/aarch64-linux-android/lib/python3.13/site-packages/kivy/__init__.py"
[INFO   ] Python: v3.13.2 (main, Apr 27 2025, 04:34:27) [GCC 11.4.0]
[INFO   ] Python: Interpreter at "/data/user/0/ru.iiec.pydroid3/files/aarch64-linux-android/bin/python3"
[INFO   ] Logger: Purge log fired. Processing...
[INFO   ] Logger: Purge finished!
[INFO   ] Factory: 195 symbols loaded
[INFO   ] Image: Providers: img_tex, img_dds, img_sdl2 (img_pil, img_ffpyplayer ignored)
[INFO   ] Text: Provider: sdl2
[INFO   ] Window: Provider: sdl2
[INFO   ] GL: Using the "OpenGL ES 2" graphics system
[INFO   ] GL: Backend used <sdl2>
[INFO   ] GL: OpenGL version <b'OpenGL ES 3.2 V@0502.41 (GIT@43fc279f3a, I58833f8ed4, 1679659134) (Date:03/24/23)'>
[INFO   ] GL: OpenGL vendor <b'Qualcomm'>
[INFO   ] GL: OpenGL renderer <b'Adreno (TM) 610'>
[INFO   ] GL: OpenGL parsed version: 3, 2
[INFO   ] GL: Texture max size <16384>
[INFO   ] GL: Texture max units <16>
[INFO   ] Window: auto add sdl2 input provider
[INFO   ] Window: virtual keyboard not allowed, single mode, not docked
[INFO   ] Camera: Provider: android
[INFO   ] GL: NPOT texture support is available
[WARNING] Deprecated property "<BooleanProperty name=allow_stretch>" of object "<kivy.uix.image.Image object at 0x7c34fe1550>" was accessed, it will be removed in a future version
[WARNING] Deprecated property "<BooleanProperty name=keep_ratio>" of object "<kivy.uix.image.Image object at 0x7c34fe1550>" was accessed, it will be removed in a future version
[WARNING] stderr: Traceback (most recent call last):
[WARNING] stderr:   File "/data/user/0/ru.iiec.pydroid3/files/aarch64-linux-android/lib/python3.13/site-packages/kivy/lang/builder.py", line 245, in create_handler
[WARNING] stderr:     return eval(value, idmap), bound_list
[WARNING] stderr:            ~~~~^^^^^^^^^^^^^^
[WARNING] stderr:   File "/storage/emulated/0/NCJM Sflow/main.kv", line 286, in <module>
[WARNING] stderr:     rgba: (0.15, 0.52, 1, 0.15) if self.state == "down" else (0, 0, 0, 0)
[WARNING] stderr:              ^^^^^^^^^^
[WARNING] stderr:   File "kivy/weakproxy.pyx", line 32, in kivy.weakproxy.WeakProxy.__getattr__
[WARNING] stderr: AttributeError: 'BoxLayout' object has no attribute 'state'
[WARNING] stderr: 
[WARNING] stderr: During handling of the above exception, another exception occurred:
[WARNING] stderr: 
[WARNING] stderr: Traceback (most recent call last):
[WARNING] stderr:   File "/data/user/0/ru.iiec.pydroid3/files/aarch64-linux-android/lib/python3.13/site-packages/kivy/lang/builder.py", line 927, in _build_canvas
[WARNING] stderr:     value, _ = create_handler(
[WARNING] stderr:                ~~~~~~~~~~~~~~^
[WARNING] stderr:         widget, instr.proxy_ref,
[WARNING] stderr:         ^^^^^^^^^^^^^^^^^^^^^^^^
[WARNING] stderr:         key, value, prule, idmap, True)
[WARNING] stderr:         ^^^^^^^^^^^^^^^^^^^^^^^^^^^^^^^
[WARNING] stderr:   File "/data/user/0/ru.iiec.pydroid3/files/aarch64-linux-android/lib/python3.13/site-packages/kivy/lang/builder.py", line 248, in create_handler
[WARNING] stderr:     raise BuilderException(rule.ctx, rule.line,
[WARNING] stderr:                            '{}: {}'.format(e.__class__.__name__, e),
[WARNING] stderr:                            cause=tb)
[WARNING] stderr: kivy.lang.builder.BuilderException: Parser: File "/storage/emulated/0/NCJM Sflow/main.kv", line 286:
[WARNING] stderr: ...
[WARNING] stderr:     284:        canvas.before:
[WARNING] stderr:     285:            Color:
[WARNING] stderr: >>  286:                rgba: (0.15, 0.52, 1, 0.15) if self.state == "down" else (0, 0, 0, 0)
[WARNING] stderr:     287:            RoundedRectangle:
[WARNING] stderr:     288:                pos: self.pos
[WARNING] stderr: ...
[WARNING] stderr: AttributeError: 'BoxLayout' object has no attribute 'state'
[WARNING] stderr:   File "/data/user/0/ru.iiec.pydroid3/files/aarch64-linux-android/lib/python3.13/site-packages/kivy/lang/builder.py", line 245, in create_handler
[WARNING] stderr:     return eval(value, idmap), bound_list
[WARNING] stderr:            ~~~~^^^^^^^^^^^^^^
[WARNING] stderr:   File "/storage/emulated/0/NCJM Sflow/main.kv", line 286, in <module>
[WARNING] stderr:     rgba: (0.15, 0.52, 1, 0.15) if self.state == "down" else (0, 0, 0, 0)
[WARNING] stderr:              ^^^^^^^^^^
[WARNING] stderr:   File "kivy/weakproxy.pyx", line 32, in kivy.weakproxy.WeakProxy.__getattr__
[WARNING] stderr: 
[WARNING] stderr: 
[WARNING] stderr: During handling of the above exception, another exception occurred:
[WARNING] stderr: 
[WARNING] stderr: Traceback (most recent call last):
[WARNING] stderr:   File "/storage/emulated/0/NCJM Sflow/main.py", line 3051, in <module>
[WARNING] stderr:     BookKeepApp().run()
[WARNING] stderr:     ~~~~~~~~~~~~~~~~~^^
[WARNING] stderr:   File "/data/user/0/ru.iiec.pydroid3/files/aarch64-linux-android/lib/python3.13/site-packages/kivy/app.py", line 955, in run
[WARNING] stderr:     self._run_prepare()
[WARNING] stderr:     ~~~~~~~~~~~~~~~~~^^
[WARNING] stderr:   File "/data/user/0/ru.iiec.pydroid3/files/aarch64-linux-android/lib/python3.13/site-packages/kivy/app.py", line 925, in _run_prepare
[WARNING] stderr:     root = self.build()
[WARNING] stderr:   File "/storage/emulated/0/NCJM Sflow/main.py", line 2973, in build
[WARNING] stderr:     return Builder.load_file("main.kv")
[WARNING] stderr:            ~~~~~~~~~~~~~~~~~^^^^^^^^^^^
[WARNING] stderr:   File "/data/user/0/ru.iiec.pydroid3/files/aarch64-linux-android/lib/python3.13/site-packages/kivy/lang/builder.py", line 310, in load_file
[WARNING] stderr:     return self.load_string(data, **kwargs)
[WARNING] stderr:            ~~~~~~~~~~~~~~~~^^^^^^^^^^^^^^^^
[WARNING] stderr:   File "/data/user/0/ru.iiec.pydroid3/files/aarch64-linux-android/lib/python3.13/site-packages/kivy/lang/builder.py", line 412, in load_string
[WARNING] stderr:     self._apply_rule(
[WARNING] stderr:     ~~~~~~~~~~~~~~~~^
[WARNING] stderr:         widget, parser.root, parser.root,
[WARNING] stderr:         ^^^^^^^^^^^^^^^^^^^^^^^^^^^^^^^^^
[WARNING] stderr:         rule_children=rule_children)
[WARNING] stderr:         ^^^^^^^^^^^^^^^^^^^^^^^^^^^^
[WARNING] stderr:   File "/data/user/0/ru.iiec.pydroid3/files/aarch64-linux-android/lib/python3.13/site-packages/kivy/lang/builder.py", line 665, in _apply_rule
[WARNING] stderr:     child.apply_class_lang_rules(
[WARNING] stderr:     ~~~~~~~~~~~~~~~~~~~~~~~~~~~~^
[WARNING] stderr:         root=rctx['ids']['root'], rule_children=rule_children)
[WARNING] stderr:         ^^^^^^^^^^^^^^^^^^^^^^^^^^^^^^^^^^^^^^^^^^^^^^^^^^^^^^
[WARNING] stderr:   File "/data/user/0/ru.iiec.pydroid3/files/aarch64-linux-android/lib/python3.13/site-packages/kivy/uix/widget.py", line 470, in apply_class_lang_rules
[WARNING] stderr:     Builder.apply(
[WARNING] stderr:     ~~~~~~~~~~~~~^
[WARNING] stderr:         self, ignored_consts=ignored_consts,
[WARNING] stderr:         ^^^^^^^^^^^^^^^^^^^^^^^^^^^^^^^^^^^^
[WARNING] stderr:         rule_children=rule_children)
[WARNING] stderr:         ^^^^^^^^^^^^^^^^^^^^^^^^^^^^
[WARNING] stderr:   File "/data/user/0/ru.iiec.pydroid3/files/aarch64-linux-android/lib/python3.13/site-packages/kivy/lang/builder.py", line 545, in apply
[WARNING] stderr:     self._apply_rule(
[WARNING] stderr:     ~~~~~~~~~~~~~~~~^
[WARNING] stderr:         widget, rule, rule, ignored_consts=ignored_consts,
[WARNING] stderr:         ^^^^^^^^^^^^^^^^^^^^^^^^^^^^^^^^^^^^^^^^^^^^^^^^^^
[WARNING] stderr:         rule_children=rule_children)
[WARNING] stderr:         ^^^^^^^^^^^^^^^^^^^^^^^^^^^^
[WARNING] stderr:   File "/data/user/0/ru.iiec.pydroid3/files/aarch64-linux-android/lib/python3.13/site-packages/kivy/lang/builder.py", line 667, in _apply_rule
[WARNING] stderr:     self._apply_rule(
[WARNING] stderr:     ~~~~~~~~~~~~~~~~^
[WARNING] stderr:         child, crule, rootrule, rule_children=rule_children)
[WARNING] stderr:         ^^^^^^^^^^^^^^^^^^^^^^^^^^^^^^^^^^^^^^^^^^^^^^^^^^^^
[WARNING] stderr:   File "/data/user/0/ru.iiec.pydroid3/files/aarch64-linux-android/lib/python3.13/site-packages/kivy/lang/builder.py", line 665, in _apply_rule
[WARNING] stderr:     child.apply_class_lang_rules(
[WARNING] stderr:     ~~~~~~~~~~~~~~~~~~~~~~~~~~~~^
[WARNING] stderr:         root=rctx['ids']['root'], rule_children=rule_children)
[WARNING] stderr:         ^^^^^^^^^^^^^^^^^^^^^^^^^^^^^^^^^^^^^^^^^^^^^^^^^^^^^^
[WARNING] stderr:   File "/data/user/0/ru.iiec.pydroid3/files/aarch64-linux-android/lib/python3.13/site-packages/kivy/uix/widget.py", line 470, in apply_class_lang_rules
[WARNING] stderr:     Builder.apply(
[WARNING] stderr:     ~~~~~~~~~~~~~^
[WARNING] stderr:         self, ignored_consts=ignored_consts,
[WARNING] stderr:         ^^^^^^^^^^^^^^^^^^^^^^^^^^^^^^^^^^^^
[WARNING] stderr:         rule_children=rule_children)
[WARNING] stderr:         ^^^^^^^^^^^^^^^^^^^^^^^^^^^^
[WARNING] stderr:   File "/data/user/0/ru.iiec.pydroid3/files/aarch64-linux-android/lib/python3.13/site-packages/kivy/lang/builder.py", line 545, in apply
[WARNING] stderr:     self._apply_rule(
[WARNING] stderr:     ~~~~~~~~~~~~~~~~^
[WARNING] stderr:         widget, rule, rule, ignored_consts=ignored_consts,
[WARNING] stderr:         ^^^^^^^^^^^^^^^^^^^^^^^^^^^^^^^^^^^^^^^^^^^^^^^^^^
[WARNING] stderr:         rule_children=rule_children)
[WARNING] stderr:         ^^^^^^^^^^^^^^^^^^^^^^^^^^^^
[WARNING] stderr:   File "/data/user/0/ru.iiec.pydroid3/files/aarch64-linux-android/lib/python3.13/site-packages/kivy/lang/builder.py", line 667, in _apply_rule
[WARNING] stderr:     self._apply_rule(
[WARNING] stderr:     ~~~~~~~~~~~~~~~~^
[WARNING] stderr:         child, crule, rootrule, rule_children=rule_children)
[WARNING] stderr:         ^^^^^^^^^^^^^^^^^^^^^^^^^^^^^^^^^^^^^^^^^^^^^^^^^^^^
[WARNING] stderr:   File "/data/user/0/ru.iiec.pydroid3/files/aarch64-linux-android/lib/python3.13/site-packages/kivy/lang/builder.py", line 600, in _apply_rule
[WARNING] stderr:     self._build_canvas(widget.canvas.before, widget,
[WARNING] stderr:     ~~~~~~~~~~~~~~~~~~^^^^^^^^^^^^^^^^^^^^^^^^^^^^^^
[WARNING] stderr:                        rule.canvas_before, rootrule)
[WARNING] stderr:                        ^^^^^^^^^^^^^^^^^^^^^^^^^^^^^
[WARNING] stderr:   File "/data/user/0/ru.iiec.pydroid3/files/aarch64-linux-android/lib/python3.13/site-packages/kivy/lang/builder.py", line 933, in _build_canvas
[WARNING] stderr:     raise BuilderException(
[WARNING] stderr:         prule.ctx, prule.line,
[WARNING] stderr:         '{}: {}'.format(e.__class__.__name__, e), cause=tb)
[WARNING] stderr: kivy.lang.builder.BuilderException: Parser: File "/storage/emulated/0/NCJM Sflow/main.kv", line 286:
[WARNING] stderr: ...
[WARNING] stderr:     284:        canvas.before:
[WARNING] stderr:     285:            Color:
[WARNING] stderr: >>  286:                rgba: (0.15, 0.52, 1, 0.15) if self.state == "down" else (0, 0, 0, 0)
[WARNING] stderr:     287:            RoundedRectangle:
[WARNING] stderr:     288:                pos: self.pos
[WARNING] stderr: ...
[WARNING] stderr: BuilderException: Parser: File "/storage/emulated/0/NCJM Sflow/main.kv", line 286:
[WARNING] stderr: ...
[WARNING] stderr:     284:        canvas.before:
[WARNING] stderr:     285:            Color:
[WARNING] stderr: >>  286:                rgba: (0.15, 0.52, 1, 0.15) if self.state == "down" else (0, 0, 0, 0)
[WARNING] stderr:     287:            RoundedRectangle:
[WARNING] stderr:     288:                pos: self.pos
[WARNING] stderr: ...
[WARNING] stderr: AttributeError: 'BoxLayout' object has no attribute 'state'
[WARNING] stderr:   File "/data/user/0/ru.iiec.pydroid3/files/aarch64-linux-android/lib/python3.13/site-packages/kivy/lang/builder.py", line 245, in create_handler
[WARNING] stderr:     return eval(value, idmap), bound_list
[WARNING] stderr:            ~~~~^^^^^^^^^^^^^^
[WARNING] stderr:   File "/storage/emulated/0/NCJM Sflow/main.kv", line 286, in <module>
[WARNING] stderr:     rgba: (0.15, 0.52, 1, 0.15) if self.state == "down" else (0, 0, 0, 0)
[WARNING] stderr:              ^^^^^^^^^^
[WARNING] stderr:   File "kivy/weakproxy.pyx", line 32, in kivy.weakproxy.WeakProxy.__getattr__
[WARNING] stderr: 
[WARNING] stderr:   File "/data/user/0/ru.iiec.pydroid3/files/aarch64-linux-android/lib/python3.13/site-packages/kivy/lang/builder.py", line 927, in _build_canvas
[WARNING] stderr:     value, _ = create_handler(
[WARNING] stderr:                ~~~~~~~~~~~~~~^
[WARNING] stderr:         widget, instr.proxy_ref,
[WARNING] stderr:         ^^^^^^^^^^^^^^^^^^^^^^^^
[WARNING] stderr:         key, value, prule, idmap, True)
[WARNING] stderr:         ^^^^^^^^^^^^^^^^^^^^^^^^^^^^^^^
[WARNING] stderr:   File "/data/user/0/ru.iiec.pydroid3/files/aarch64-linux-android/lib/python3.13/site-packages/kivy/lang/builder.py", line 248, in create_handler
[WARNING] stderr:     raise BuilderException(rule.ctx, rule.line,
[WARNING] stderr:                            '{}: {}'.format(e.__class__.__name__, e),
[WARNING] stderr:                            cause=tb)
[WARNING] stderr: 
